<?xml version="1.0" encoding="UTF-8"?>
<testsuite name="Scenario: Single tag example" tests="5" skipped="2" failures="0" errors="0" timestamp="2017-08-09T18:11:01" hostname="EPMXGUAW0210" time="0.084">
  <properties/>
  <testcase name="Given I set the custom message as &quot;Welcome aboard!!!&quot;" classname="Scenario: Single tag example" time="0.0"/>
  <testcase name="And I set the custom message flag to &quot;on&quot;" classname="Scenario: Single tag example" time="0.0"/>
  <testcase name="When I merge the default message and the custom message" classname="Scenario: Single tag example" time="0.0">
    <skipped/>
  </testcase>
  <testcase name="Then I must get both messages concatenated" classname="Scenario: Single tag example" time="0.0">
    <skipped/>
  </testcase>
  <testcase name="classMethod" classname="Scenario: Single tag example" time="100.178"/>
  <system-out><![CDATA[]]></system-out>
  <system-err><![CDATA[]]></system-err>
</testsuite>
